  [1m[35m (0.1ms)[0m  [1m[34mSELECT sqlite_version(*)[0m
  [1m[35m (3.3ms)[0m  [1m[35mCREATE TABLE "schema_migrations" ("version" varchar NOT NULL PRIMARY KEY)[0m
  [1m[35m (3.2ms)[0m  [1m[35mCREATE TABLE "ar_internal_metadata" ("key" varchar NOT NULL PRIMARY KEY, "value" varchar, "created_at" datetime NOT NULL, "updated_at" datetime NOT NULL)[0m
  [1m[35m (0.6ms)[0m  [1m[34mSELECT "schema_migrations"."version" FROM "schema_migrations" ORDER BY "schema_migrations"."version" ASC[0m
Migrating to CreateRooms (20180425070412)
  [1m[35m (0.2ms)[0m  [1m[36mbegin transaction[0m
  [1m[35m (1.7ms)[0m  [1m[35mCREATE TABLE "rooms" ("id" INTEGER PRIMARY KEY AUTOINCREMENT NOT NULL, "description" text, "price" integer, "is_booked" boolean, "created_at" datetime NOT NULL, "updated_at" datetime NOT NULL)[0m
  [1m[35mSQL (0.3ms)[0m  [1m[32mINSERT INTO "schema_migrations" ("version") VALUES (?)[0m  [["version", "20180425070412"]]
  [1m[35m (9.4ms)[0m  [1m[36mcommit transaction[0m
Migrating to DeviseCreateUsers (20180425075248)
  [1m[35m (0.1ms)[0m  [1m[36mbegin transaction[0m
  [1m[35m (1.7ms)[0m  [1m[35mCREATE TABLE "users" ("id" INTEGER PRIMARY KEY AUTOINCREMENT NOT NULL, "email" varchar DEFAULT '' NOT NULL, "encrypted_password" varchar DEFAULT '' NOT NULL, "reset_password_token" varchar, "reset_password_sent_at" datetime, "remember_created_at" datetime, "sign_in_count" integer DEFAULT 0 NOT NULL, "current_sign_in_at" datetime, "last_sign_in_at" datetime, "current_sign_in_ip" varchar, "last_sign_in_ip" varchar, "created_at" datetime NOT NULL, "updated_at" datetime NOT NULL)[0m
  [1m[35m (0.4ms)[0m  [1m[35mCREATE UNIQUE INDEX "index_users_on_email" ON "users" ("email")[0m
  [1m[35m (0.2ms)[0m  [1m[34m            SELECT sql
            FROM sqlite_master
            WHERE name='index_users_on_email' AND type='index'
            UNION ALL
            SELECT sql
            FROM sqlite_temp_master
            WHERE name='index_users_on_email' AND type='index'
[0m
  [1m[35m (0.2ms)[0m  [1m[35mCREATE UNIQUE INDEX "index_users_on_reset_password_token" ON "users" ("reset_password_token")[0m
  [1m[35mSQL (0.4ms)[0m  [1m[32mINSERT INTO "schema_migrations" ("version") VALUES (?)[0m  [["version", "20180425075248"]]
  [1m[35m (4.5ms)[0m  [1m[36mcommit transaction[0m
Migrating to AddAttributeToUser (20180425075346)
  [1m[35m (0.1ms)[0m  [1m[36mbegin transaction[0m
  [1m[35m (3.3ms)[0m  [1m[35mALTER TABLE "users" ADD "is_admin" boolean DEFAULT 'f'[0m
  [1m[35mSQL (0.5ms)[0m  [1m[32mINSERT INTO "schema_migrations" ("version") VALUES (?)[0m  [["version", "20180425075346"]]
  [1m[35m (11.5ms)[0m  [1m[36mcommit transaction[0m
Migrating to RemoveBiofromUser (20180426084654)
  [1m[35m (0.1ms)[0m  [1m[36mbegin transaction[0m
  [1m[35m (0.3ms)[0m  [1m[35mCREATE TEMPORARY TABLE "ausers" ("id" integer NOT NULL PRIMARY KEY, "email" varchar DEFAULT '' NOT NULL, "encrypted_password" varchar DEFAULT '' NOT NULL, "reset_password_token" varchar DEFAULT NULL, "reset_password_sent_at" datetime DEFAULT NULL, "remember_created_at" datetime DEFAULT NULL, "sign_in_count" integer DEFAULT 0 NOT NULL, "current_sign_in_at" datetime DEFAULT NULL, "last_sign_in_at" datetime DEFAULT NULL, "current_sign_in_ip" varchar DEFAULT NULL, "last_sign_in_ip" varchar DEFAULT NULL, "created_at" datetime NOT NULL, "updated_at" datetime NOT NULL, "is_admin" boolean DEFAULT 'f')[0m
  [1m[35m (0.1ms)[0m  [1m[34m            SELECT sql
            FROM sqlite_master
            WHERE name='index_users_on_reset_password_token' AND type='index'
            UNION ALL
            SELECT sql
            FROM sqlite_temp_master
            WHERE name='index_users_on_reset_password_token' AND type='index'
[0m
  [1m[35m (0.1ms)[0m  [1m[34m            SELECT sql
            FROM sqlite_master
            WHERE name='index_users_on_email' AND type='index'
            UNION ALL
            SELECT sql
            FROM sqlite_temp_master
            WHERE name='index_users_on_email' AND type='index'
[0m
  [1m[35m (0.3ms)[0m  [1m[35mCREATE UNIQUE INDEX "tindex_ausers_on_reset_password_token" ON "ausers" ("reset_password_token")[0m
  [1m[35m (0.3ms)[0m  [1m[35mCREATE UNIQUE INDEX "tindex_ausers_on_email" ON "ausers" ("email")[0m
  [1m[35m (0.5ms)[0m  [1m[32mINSERT INTO "ausers" ("id","email","encrypted_password","reset_password_token","reset_password_sent_at","remember_created_at","sign_in_count","current_sign_in_at","last_sign_in_at","current_sign_in_ip","last_sign_in_ip","created_at","updated_at","is_admin")
                     SELECT "id","email","encrypted_password","reset_password_token","reset_password_sent_at","remember_created_at","sign_in_count","current_sign_in_at","last_sign_in_at","current_sign_in_ip","last_sign_in_ip","created_at","updated_at","is_admin" FROM "users"[0m
  [1m[35m (8.8ms)[0m  [1m[35mDROP TABLE "users"[0m
  [1m[35m (0.2ms)[0m  [1m[35mCREATE TABLE "users" ("id" integer NOT NULL PRIMARY KEY, "email" varchar DEFAULT '' NOT NULL, "encrypted_password" varchar DEFAULT '' NOT NULL, "reset_password_token" varchar DEFAULT NULL, "reset_password_sent_at" datetime DEFAULT NULL, "remember_created_at" datetime DEFAULT NULL, "sign_in_count" integer DEFAULT 0 NOT NULL, "current_sign_in_at" datetime DEFAULT NULL, "last_sign_in_at" datetime DEFAULT NULL, "current_sign_in_ip" varchar DEFAULT NULL, "last_sign_in_ip" varchar DEFAULT NULL, "created_at" datetime NOT NULL, "updated_at" datetime NOT NULL, "is_admin" boolean DEFAULT 'f')[0m
  [1m[35m (0.1ms)[0m  [1m[34m            SELECT sql
            FROM sqlite_master
            WHERE name='tindex_ausers_on_email' AND type='index'
            UNION ALL
            SELECT sql
            FROM sqlite_temp_master
            WHERE name='tindex_ausers_on_email' AND type='index'
[0m
  [1m[35m (0.1ms)[0m  [1m[34m            SELECT sql
            FROM sqlite_master
            WHERE name='tindex_ausers_on_reset_password_token' AND type='index'
            UNION ALL
            SELECT sql
            FROM sqlite_temp_master
            WHERE name='tindex_ausers_on_reset_password_token' AND type='index'
[0m
  [1m[35m (0.3ms)[0m  [1m[35mCREATE UNIQUE INDEX "index_users_on_email" ON "users" ("email")[0m
  [1m[35m (0.1ms)[0m  [1m[34m            SELECT sql
            FROM sqlite_master
            WHERE name='index_users_on_email' AND type='index'
            UNION ALL
            SELECT sql
            FROM sqlite_temp_master
            WHERE name='index_users_on_email' AND type='index'
[0m
  [1m[35m (0.1ms)[0m  [1m[35mCREATE UNIQUE INDEX "index_users_on_reset_password_token" ON "users" ("reset_password_token")[0m
  [1m[35m (0.2ms)[0m  [1m[32mINSERT INTO "users" ("id","email","encrypted_password","reset_password_token","reset_password_sent_at","remember_created_at","sign_in_count","current_sign_in_at","last_sign_in_at","current_sign_in_ip","last_sign_in_ip","created_at","updated_at","is_admin")
                     SELECT "id","email","encrypted_password","reset_password_token","reset_password_sent_at","remember_created_at","sign_in_count","current_sign_in_at","last_sign_in_at","current_sign_in_ip","last_sign_in_ip","created_at","updated_at","is_admin" FROM "ausers"[0m
  [1m[35m (2.1ms)[0m  [1m[35mDROP TABLE "ausers"[0m
  [1m[35m (0.2ms)[0m  [1m[35mCREATE TEMPORARY TABLE "ausers" ("id" integer NOT NULL PRIMARY KEY, "email" varchar DEFAULT '' NOT NULL, "encrypted_password" varchar DEFAULT '' NOT NULL, "reset_password_token" varchar DEFAULT NULL, "reset_password_sent_at" datetime DEFAULT NULL, "remember_created_at" datetime DEFAULT NULL, "sign_in_count" integer DEFAULT 0 NOT NULL, "current_sign_in_at" datetime DEFAULT NULL, "last_sign_in_at" datetime DEFAULT NULL, "current_sign_in_ip" varchar DEFAULT NULL, "last_sign_in_ip" varchar DEFAULT NULL, "created_at" datetime NOT NULL, "updated_at" datetime NOT NULL, "is_admin" boolean DEFAULT 'f')[0m
  [1m[35m (0.1ms)[0m  [1m[34m            SELECT sql
            FROM sqlite_master
            WHERE name='index_users_on_reset_password_token' AND type='index'
            UNION ALL
            SELECT sql
            FROM sqlite_temp_master
            WHERE name='index_users_on_reset_password_token' AND type='index'
[0m
  [1m[35m (0.1ms)[0m  [1m[34m            SELECT sql
            FROM sqlite_master
            WHERE name='index_users_on_email' AND type='index'
            UNION ALL
            SELECT sql
            FROM sqlite_temp_master
            WHERE name='index_users_on_email' AND type='index'
[0m
  [1m[35m (0.2ms)[0m  [1m[35mCREATE UNIQUE INDEX "tindex_ausers_on_reset_password_token" ON "ausers" ("reset_password_token")[0m
  [1m[35m (0.1ms)[0m  [1m[35mCREATE UNIQUE INDEX "tindex_ausers_on_email" ON "ausers" ("email")[0m
  [1m[35m (0.1ms)[0m  [1m[32mINSERT INTO "ausers" ("id","email","encrypted_password","reset_password_token","reset_password_sent_at","remember_created_at","sign_in_count","current_sign_in_at","last_sign_in_at","current_sign_in_ip","last_sign_in_ip","created_at","updated_at","is_admin")
                     SELECT "id","email","encrypted_password","reset_password_token","reset_password_sent_at","remember_created_at","sign_in_count","current_sign_in_at","last_sign_in_at","current_sign_in_ip","last_sign_in_ip","created_at","updated_at","is_admin" FROM "users"[0m
  [1m[35m (0.2ms)[0m  [1m[35mDROP TABLE "users"[0m
  [1m[35m (0.2ms)[0m  [1m[35mCREATE TABLE "users" ("id" integer NOT NULL PRIMARY KEY, "email" varchar DEFAULT '' NOT NULL, "encrypted_password" varchar DEFAULT '' NOT NULL, "reset_password_token" varchar DEFAULT NULL, "reset_password_sent_at" datetime DEFAULT NULL, "remember_created_at" datetime DEFAULT NULL, "sign_in_count" integer DEFAULT 0 NOT NULL, "current_sign_in_at" datetime DEFAULT NULL, "last_sign_in_at" datetime DEFAULT NULL, "current_sign_in_ip" varchar DEFAULT NULL, "last_sign_in_ip" varchar DEFAULT NULL, "created_at" datetime NOT NULL, "updated_at" datetime NOT NULL, "is_admin" boolean DEFAULT 'f')[0m
  [1m[35m (0.1ms)[0m  [1m[34m            SELECT sql
            FROM sqlite_master
            WHERE name='tindex_ausers_on_email' AND type='index'
            UNION ALL
            SELECT sql
            FROM sqlite_temp_master
            WHERE name='tindex_ausers_on_email' AND type='index'
[0m
  [1m[35m (0.1ms)[0m  [1m[34m            SELECT sql
            FROM sqlite_master
            WHERE name='tindex_ausers_on_reset_password_token' AND type='index'
            UNION ALL
            SELECT sql
            FROM sqlite_temp_master
            WHERE name='tindex_ausers_on_reset_password_token' AND type='index'
[0m
  [1m[35m (0.3ms)[0m  [1m[35mCREATE UNIQUE INDEX "index_users_on_email" ON "users" ("email")[0m
  [1m[35m (0.2ms)[0m  [1m[34m            SELECT sql
            FROM sqlite_master
            WHERE name='index_users_on_email' AND type='index'
            UNION ALL
            SELECT sql
            FROM sqlite_temp_master
            WHERE name='index_users_on_email' AND type='index'
[0m
  [1m[35m (0.2ms)[0m  [1m[35mCREATE UNIQUE INDEX "index_users_on_reset_password_token" ON "users" ("reset_password_token")[0m
  [1m[35m (0.1ms)[0m  [1m[32mINSERT INTO "users" ("id","email","encrypted_password","reset_password_token","reset_password_sent_at","remember_created_at","sign_in_count","current_sign_in_at","last_sign_in_at","current_sign_in_ip","last_sign_in_ip","created_at","updated_at","is_admin")
                     SELECT "id","email","encrypted_password","reset_password_token","reset_password_sent_at","remember_created_at","sign_in_count","current_sign_in_at","last_sign_in_at","current_sign_in_ip","last_sign_in_ip","created_at","updated_at","is_admin" FROM "ausers"[0m
  [1m[35m (0.2ms)[0m  [1m[35mDROP TABLE "ausers"[0m
  [1m[35mSQL (0.4ms)[0m  [1m[32mINSERT INTO "schema_migrations" ("version") VALUES (?)[0m  [["version", "20180426084654"]]
  [1m[35m (13.5ms)[0m  [1m[36mcommit transaction[0m
Migrating to CreateProfiles (20180426085205)
  [1m[35m (0.1ms)[0m  [1m[36mbegin transaction[0m
  [1m[35m (1.3ms)[0m  [1m[35mCREATE TABLE "profiles" ("id" INTEGER PRIMARY KEY AUTOINCREMENT NOT NULL, "user_id" integer, "bio" text, "username" varchar, "created_at" datetime NOT NULL, "updated_at" datetime NOT NULL, CONSTRAINT "fk_rails_e424190865"
FOREIGN KEY ("user_id")
  REFERENCES "users" ("id")
)[0m
  [1m[35m (0.9ms)[0m  [1m[35mCREATE  INDEX "index_profiles_on_user_id" ON "profiles" ("user_id")[0m
  [1m[35mSQL (0.6ms)[0m  [1m[32mINSERT INTO "schema_migrations" ("version") VALUES (?)[0m  [["version", "20180426085205"]]
  [1m[35m (3.2ms)[0m  [1m[36mcommit transaction[0m
Migrating to CreateHotels (20180427061851)
  [1m[35m (0.1ms)[0m  [1m[36mbegin transaction[0m
  [1m[35m (1.2ms)[0m  [1m[35mCREATE TABLE "hotels" ("id" INTEGER PRIMARY KEY AUTOINCREMENT NOT NULL, "name" varchar, "description" text, "address" text, "created_at" datetime NOT NULL, "updated_at" datetime NOT NULL)[0m
  [1m[35mSQL (0.7ms)[0m  [1m[32mINSERT INTO "schema_migrations" ("version") VALUES (?)[0m  [["version", "20180427061851"]]
  [1m[35m (12.3ms)[0m  [1m[36mcommit transaction[0m
Migrating to AddHoteltoRoom (20180427061950)
  [1m[35m (0.1ms)[0m  [1m[36mbegin transaction[0m
  [1m[35m (6.9ms)[0m  [1m[35mALTER TABLE "rooms" ADD "hotel_id" integer[0m
  [1m[35mSQL (0.4ms)[0m  [1m[32mINSERT INTO "schema_migrations" ("version") VALUES (?)[0m  [["version", "20180427061950"]]
  [1m[35m (17.2ms)[0m  [1m[36mcommit transaction[0m
Migrating to CreateRatingCaches (20180427071546)
  [1m[35m (0.1ms)[0m  [1m[36mbegin transaction[0m
  [1m[35m (2.2ms)[0m  [1m[35mCREATE TABLE "rating_caches" ("id" INTEGER PRIMARY KEY AUTOINCREMENT NOT NULL, "cacheable_type" varchar, "cacheable_id" integer, "avg" float NOT NULL, "qty" integer NOT NULL, "dimension" varchar, "created_at" datetime NOT NULL, "updated_at" datetime NOT NULL)[0m
  [1m[35m (0.2ms)[0m  [1m[35mCREATE  INDEX "index_rating_caches_on_cacheable_type_and_cacheable_id" ON "rating_caches" ("cacheable_type", "cacheable_id")[0m
  [1m[35m (0.1ms)[0m  [1m[34m            SELECT sql
            FROM sqlite_master
            WHERE name='index_rating_caches_on_cacheable_type_and_cacheable_id' AND type='index'
            UNION ALL
            SELECT sql
            FROM sqlite_temp_master
            WHERE name='index_rating_caches_on_cacheable_type_and_cacheable_id' AND type='index'
[0m
  [1m[35m (0.2ms)[0m  [1m[35mCREATE  INDEX "index_rating_caches_on_cacheable_id_and_cacheable_type" ON "rating_caches" ("cacheable_id", "cacheable_type")[0m
  [1m[35mSQL (3.5ms)[0m  [1m[32mINSERT INTO "schema_migrations" ("version") VALUES (?)[0m  [["version", "20180427071546"]]
  [1m[35m (6.9ms)[0m  [1m[36mcommit transaction[0m
Migrating to CreateRates (20180427071547)
  [1m[35m (0.1ms)[0m  [1m[36mbegin transaction[0m
  [1m[35m (0.8ms)[0m  [1m[35mCREATE TABLE "rates" ("id" INTEGER PRIMARY KEY AUTOINCREMENT NOT NULL, "rater_id" integer, "rateable_type" varchar, "rateable_id" integer, "stars" float NOT NULL, "dimension" varchar, "created_at" datetime NOT NULL, "updated_at" datetime NOT NULL)[0m
  [1m[35m (4.3ms)[0m  [1m[35mCREATE  INDEX "index_rates_on_rater_id" ON "rates" ("rater_id")[0m
  [1m[35m (0.1ms)[0m  [1m[34m            SELECT sql
            FROM sqlite_master
            WHERE name='index_rates_on_rater_id' AND type='index'
            UNION ALL
            SELECT sql
            FROM sqlite_temp_master
            WHERE name='index_rates_on_rater_id' AND type='index'
[0m
  [1m[35m (0.2ms)[0m  [1m[35mCREATE  INDEX "index_rates_on_rateable_type_and_rateable_id" ON "rates" ("rateable_type", "rateable_id")[0m
  [1m[35m (0.1ms)[0m  [1m[34m            SELECT sql
            FROM sqlite_master
            WHERE name='index_rates_on_rateable_type_and_rateable_id' AND type='index'
            UNION ALL
            SELECT sql
            FROM sqlite_temp_master
            WHERE name='index_rates_on_rateable_type_and_rateable_id' AND type='index'
[0m
  [1m[35m (0.1ms)[0m  [1m[34m            SELECT sql
            FROM sqlite_master
            WHERE name='index_rates_on_rater_id' AND type='index'
            UNION ALL
            SELECT sql
            FROM sqlite_temp_master
            WHERE name='index_rates_on_rater_id' AND type='index'
[0m
  [1m[35m (0.8ms)[0m  [1m[35mCREATE  INDEX "index_rates_on_rateable_id_and_rateable_type" ON "rates" ("rateable_id", "rateable_type")[0m
  [1m[35mSQL (5.8ms)[0m  [1m[32mINSERT INTO "schema_migrations" ("version") VALUES (?)[0m  [["version", "20180427071547"]]
  [1m[35m (6.4ms)[0m  [1m[36mcommit transaction[0m
Migrating to CreateAverageCaches (20180427071548)
  [1m[35m (0.1ms)[0m  [1m[36mbegin transaction[0m
  [1m[35m (6.4ms)[0m  [1m[35mCREATE TABLE "average_caches" ("id" INTEGER PRIMARY KEY AUTOINCREMENT NOT NULL, "rater_id" integer, "rateable_type" varchar, "rateable_id" integer, "avg" float NOT NULL, "created_at" datetime NOT NULL, "updated_at" datetime NOT NULL)[0m
  [1m[35m (0.1ms)[0m  [1m[35mCREATE  INDEX "index_average_caches_on_rater_id" ON "average_caches" ("rater_id")[0m
  [1m[35m (0.1ms)[0m  [1m[34m            SELECT sql
            FROM sqlite_master
            WHERE name='index_average_caches_on_rater_id' AND type='index'
            UNION ALL
            SELECT sql
            FROM sqlite_temp_master
            WHERE name='index_average_caches_on_rater_id' AND type='index'
[0m
  [1m[35m (0.4ms)[0m  [1m[35mCREATE  INDEX "index_average_caches_on_rateable_type_and_rateable_id" ON "average_caches" ("rateable_type", "rateable_id")[0m
  [1m[35mSQL (0.4ms)[0m  [1m[32mINSERT INTO "schema_migrations" ("version") VALUES (?)[0m  [["version", "20180427071548"]]
  [1m[35m (9.1ms)[0m  [1m[36mcommit transaction[0m
Migrating to CreateOverallAverages (20180427071549)
  [1m[35m (0.1ms)[0m  [1m[36mbegin transaction[0m
  [1m[35m (0.8ms)[0m  [1m[35mCREATE TABLE "overall_averages" ("id" INTEGER PRIMARY KEY AUTOINCREMENT NOT NULL, "rateable_type" varchar, "rateable_id" integer, "overall_avg" float NOT NULL, "created_at" datetime NOT NULL, "updated_at" datetime NOT NULL)[0m
  [1m[35m (9.6ms)[0m  [1m[35mCREATE  INDEX "index_overall_averages_on_rateable_type_and_rateable_id" ON "overall_averages" ("rateable_type", "rateable_id")[0m
  [1m[35mSQL (0.4ms)[0m  [1m[32mINSERT INTO "schema_migrations" ("version") VALUES (?)[0m  [["version", "20180427071549"]]
  [1m[35m (11.1ms)[0m  [1m[36mcommit transaction[0m
Migrating to CreateReviews (20180427075552)
  [1m[35m (0.2ms)[0m  [1m[36mbegin transaction[0m
  [1m[35m (2.6ms)[0m  [1m[35mCREATE TABLE "reviews" ("id" INTEGER PRIMARY KEY AUTOINCREMENT NOT NULL, "review_text" text, "hotel_id" integer, "user_id" integer, "created_at" datetime NOT NULL, "updated_at" datetime NOT NULL, CONSTRAINT "fk_rails_b9f3d67017"
FOREIGN KEY ("hotel_id")
  REFERENCES "hotels" ("id")
, CONSTRAINT "fk_rails_74a66bd6c5"
FOREIGN KEY ("user_id")
  REFERENCES "users" ("id")
)[0m
  [1m[35m (0.3ms)[0m  [1m[35mCREATE  INDEX "index_reviews_on_hotel_id" ON "reviews" ("hotel_id")[0m
  [1m[35m (0.1ms)[0m  [1m[34m            SELECT sql
            FROM sqlite_master
            WHERE name='index_reviews_on_hotel_id' AND type='index'
            UNION ALL
            SELECT sql
            FROM sqlite_temp_master
            WHERE name='index_reviews_on_hotel_id' AND type='index'
[0m
  [1m[35m (7.6ms)[0m  [1m[35mCREATE  INDEX "index_reviews_on_user_id" ON "reviews" ("user_id")[0m
  [1m[35mSQL (0.4ms)[0m  [1m[32mINSERT INTO "schema_migrations" ("version") VALUES (?)[0m  [["version", "20180427075552"]]
  [1m[35m (4.1ms)[0m  [1m[36mcommit transaction[0m
Migrating to CreateRoompictures (20180428050009)
  [1m[35m (0.1ms)[0m  [1m[36mbegin transaction[0m
  [1m[35m (0.9ms)[0m  [1m[35mCREATE TABLE "roompictures" ("id" INTEGER PRIMARY KEY AUTOINCREMENT NOT NULL, "room_id" integer, "created_at" datetime NOT NULL, "updated_at" datetime NOT NULL, CONSTRAINT "fk_rails_492324ebe9"
FOREIGN KEY ("room_id")
  REFERENCES "rooms" ("id")
)[0m
  [1m[35m (0.3ms)[0m  [1m[35mCREATE  INDEX "index_roompictures_on_room_id" ON "roompictures" ("room_id")[0m
  [1m[35mSQL (11.1ms)[0m  [1m[32mINSERT INTO "schema_migrations" ("version") VALUES (?)[0m  [["version", "20180428050009"]]
  [1m[35m (7.6ms)[0m  [1m[36mcommit transaction[0m
Migrating to AddAttributestoRooms (20180428051924)
  [1m[35m (0.1ms)[0m  [1m[36mbegin transaction[0m
  [1m[35m (1.0ms)[0m  [1m[35mALTER TABLE "rooms" ADD "room_number" integer[0m
  [1m[35m (0.5ms)[0m  [1m[35mALTER TABLE "rooms" ADD "floor" integer[0m
  [1m[35m (0.4ms)[0m  [1m[35mALTER TABLE "rooms" ADD "has_kitchen" boolean[0m
  [1m[35m (0.3ms)[0m  [1m[35mALTER TABLE "rooms" ADD "number_of_beds" boolean[0m
  [1m[35m (0.5ms)[0m  [1m[35mALTER TABLE "rooms" ADD "has_AC" boolean[0m
  [1m[35m (0.3ms)[0m  [1m[35mALTER TABLE "rooms" ADD "has_TV" boolean[0m
  [1m[35m (0.4ms)[0m  [1m[35mCREATE TEMPORARY TABLE "arooms" ("id" integer NOT NULL PRIMARY KEY, "description" text DEFAULT NULL, "price" integer DEFAULT NULL, "is_booked" boolean DEFAULT NULL, "created_at" datetime NOT NULL, "updated_at" datetime NOT NULL, "hotel_id" integer DEFAULT NULL, "room_number" integer DEFAULT NULL, "floor" integer DEFAULT NULL, "has_kitchen" boolean DEFAULT NULL, "number_of_beds" boolean DEFAULT NULL, "has_AC" boolean DEFAULT NULL, "has_TV" boolean DEFAULT NULL)[0m
  [1m[35m (0.3ms)[0m  [1m[32mINSERT INTO "arooms" ("id","description","price","is_booked","created_at","updated_at","hotel_id","room_number","floor","has_kitchen","number_of_beds","has_AC","has_TV")
                     SELECT "id","description","price","is_booked","created_at","updated_at","hotel_id","room_number","floor","has_kitchen","number_of_beds","has_AC","has_TV" FROM "rooms"[0m
  [1m[35m (0.6ms)[0m  [1m[35mDROP TABLE "rooms"[0m
  [1m[35m (0.6ms)[0m  [1m[35mCREATE TABLE "rooms" ("id" integer NOT NULL PRIMARY KEY, "price" integer DEFAULT NULL, "is_booked" boolean DEFAULT NULL, "created_at" datetime NOT NULL, "updated_at" datetime NOT NULL, "hotel_id" integer DEFAULT NULL, "room_number" integer DEFAULT NULL, "floor" integer DEFAULT NULL, "has_kitchen" boolean DEFAULT NULL, "number_of_beds" boolean DEFAULT NULL, "has_AC" boolean DEFAULT NULL, "has_TV" boolean DEFAULT NULL)[0m
  [1m[35m (0.1ms)[0m  [1m[32mINSERT INTO "rooms" ("id","price","is_booked","created_at","updated_at","hotel_id","room_number","floor","has_kitchen","number_of_beds","has_AC","has_TV")
                     SELECT "id","price","is_booked","created_at","updated_at","hotel_id","room_number","floor","has_kitchen","number_of_beds","has_AC","has_TV" FROM "arooms"[0m
  [1m[35m (0.3ms)[0m  [1m[35mDROP TABLE "arooms"[0m
  [1m[35mSQL (5.9ms)[0m  [1m[32mINSERT INTO "schema_migrations" ("version") VALUES (?)[0m  [["version", "20180428051924"]]
  [1m[35m (12.6ms)[0m  [1m[36mcommit transaction[0m
Migrating to CreateBookings (20180428111502)
  [1m[35m (0.1ms)[0m  [1m[36mbegin transaction[0m
  [1m[35m (0.8ms)[0m  [1m[35mCREATE TABLE "bookings" ("id" INTEGER PRIMARY KEY AUTOINCREMENT NOT NULL, "user_id" integer, "room_id" integer, "from" date, "to" date, "bill" integer, "created_at" datetime NOT NULL, "updated_at" datetime NOT NULL, CONSTRAINT "fk_rails_ef0571f117"
FOREIGN KEY ("user_id")
  REFERENCES "users" ("id")
, CONSTRAINT "fk_rails_4fe21eabc6"
FOREIGN KEY ("room_id")
  REFERENCES "rooms" ("id")
)[0m
  [1m[35m (0.2ms)[0m  [1m[35mCREATE  INDEX "index_bookings_on_user_id" ON "bookings" ("user_id")[0m
  [1m[35m (0.1ms)[0m  [1m[34m            SELECT sql
            FROM sqlite_master
            WHERE name='index_bookings_on_user_id' AND type='index'
            UNION ALL
            SELECT sql
            FROM sqlite_temp_master
            WHERE name='index_bookings_on_user_id' AND type='index'
[0m
  [1m[35m (0.1ms)[0m  [1m[35mCREATE  INDEX "index_bookings_on_room_id" ON "bookings" ("room_id")[0m
  [1m[35mSQL (0.8ms)[0m  [1m[32mINSERT INTO "schema_migrations" ("version") VALUES (?)[0m  [["version", "20180428111502"]]
  [1m[35m (11.6ms)[0m  [1m[36mcommit transaction[0m
Migrating to AddImageId (20180429044131)
  [1m[35m (0.1ms)[0m  [1m[36mbegin transaction[0m
  [1m[35m (1.1ms)[0m  [1m[35mALTER TABLE "profiles" ADD "image_id" text[0m
  [1m[35m (0.5ms)[0m  [1m[35mALTER TABLE "roompictures" ADD "image_id" text[0m
  [1m[35mSQL (0.4ms)[0m  [1m[32mINSERT INTO "schema_migrations" ("version") VALUES (?)[0m  [["version", "20180429044131"]]
  [1m[35m (14.5ms)[0m  [1m[36mcommit transaction[0m
  [1m[36mActiveRecord::InternalMetadata Load (2.2ms)[0m  [1m[34mSELECT  "ar_internal_metadata".* FROM "ar_internal_metadata" WHERE "ar_internal_metadata"."key" = ? LIMIT ?[0m  [["key", "environment"], ["LIMIT", 1]]
  [1m[35m (0.1ms)[0m  [1m[36mbegin transaction[0m
  [1m[35mSQL (1.8ms)[0m  [1m[32mINSERT INTO "ar_internal_metadata" ("key", "value", "created_at", "updated_at") VALUES (?, ?, ?, ?)[0m  [["key", "environment"], ["value", "development"], ["created_at", "2018-04-29 08:55:21.331058"], ["updated_at", "2018-04-29 08:55:21.331058"]]
  [1m[35m (60.9ms)[0m  [1m[36mcommit transaction[0m
  [1m[35m (12.1ms)[0m  [1m[34mSELECT "schema_migrations"."version" FROM "schema_migrations" ORDER BY "schema_migrations"."version" ASC[0m
  [1m[35m (5.0ms)[0m  [1m[34m            SELECT sql
            FROM sqlite_master
            WHERE name='index_average_caches_on_rateable_type_and_rateable_id' AND type='index'
            UNION ALL
            SELECT sql
            FROM sqlite_temp_master
            WHERE name='index_average_caches_on_rateable_type_and_rateable_id' AND type='index'
[0m
  [1m[35m (0.4ms)[0m  [1m[34m            SELECT sql
            FROM sqlite_master
            WHERE name='index_average_caches_on_rater_id' AND type='index'
            UNION ALL
            SELECT sql
            FROM sqlite_temp_master
            WHERE name='index_average_caches_on_rater_id' AND type='index'
[0m
  [1m[35m (1.1ms)[0m  [1m[34m            SELECT sql
            FROM sqlite_master
            WHERE name='index_bookings_on_room_id' AND type='index'
            UNION ALL
            SELECT sql
            FROM sqlite_temp_master
            WHERE name='index_bookings_on_room_id' AND type='index'
[0m
  [1m[35m (1.4ms)[0m  [1m[34m            SELECT sql
            FROM sqlite_master
            WHERE name='index_bookings_on_user_id' AND type='index'
            UNION ALL
            SELECT sql
            FROM sqlite_temp_master
            WHERE name='index_bookings_on_user_id' AND type='index'
[0m
  [1m[35m (0.4ms)[0m  [1m[34m            SELECT sql
            FROM sqlite_master
            WHERE name='index_overall_averages_on_rateable_type_and_rateable_id' AND type='index'
            UNION ALL
            SELECT sql
            FROM sqlite_temp_master
            WHERE name='index_overall_averages_on_rateable_type_and_rateable_id' AND type='index'
[0m
  [1m[35m (0.5ms)[0m  [1m[34m            SELECT sql
            FROM sqlite_master
            WHERE name='index_profiles_on_user_id' AND type='index'
            UNION ALL
            SELECT sql
            FROM sqlite_temp_master
            WHERE name='index_profiles_on_user_id' AND type='index'
[0m
  [1m[35m (0.4ms)[0m  [1m[34m            SELECT sql
            FROM sqlite_master
            WHERE name='index_rates_on_rateable_id_and_rateable_type' AND type='index'
            UNION ALL
            SELECT sql
            FROM sqlite_temp_master
            WHERE name='index_rates_on_rateable_id_and_rateable_type' AND type='index'
[0m
  [1m[35m (0.3ms)[0m  [1m[34m            SELECT sql
            FROM sqlite_master
            WHERE name='index_rates_on_rateable_type_and_rateable_id' AND type='index'
            UNION ALL
            SELECT sql
            FROM sqlite_temp_master
            WHERE name='index_rates_on_rateable_type_and_rateable_id' AND type='index'
[0m
  [1m[35m (0.3ms)[0m  [1m[34m            SELECT sql
            FROM sqlite_master
            WHERE name='index_rates_on_rater_id' AND type='index'
            UNION ALL
            SELECT sql
            FROM sqlite_temp_master
            WHERE name='index_rates_on_rater_id' AND type='index'
[0m
  [1m[35m (0.4ms)[0m  [1m[34m            SELECT sql
            FROM sqlite_master
            WHERE name='index_rating_caches_on_cacheable_id_and_cacheable_type' AND type='index'
            UNION ALL
            SELECT sql
            FROM sqlite_temp_master
            WHERE name='index_rating_caches_on_cacheable_id_and_cacheable_type' AND type='index'
[0m
  [1m[35m (0.4ms)[0m  [1m[34m            SELECT sql
            FROM sqlite_master
            WHERE name='index_rating_caches_on_cacheable_type_and_cacheable_id' AND type='index'
            UNION ALL
            SELECT sql
            FROM sqlite_temp_master
            WHERE name='index_rating_caches_on_cacheable_type_and_cacheable_id' AND type='index'
[0m
  [1m[35m (0.3ms)[0m  [1m[34m            SELECT sql
            FROM sqlite_master
            WHERE name='index_reviews_on_user_id' AND type='index'
            UNION ALL
            SELECT sql
            FROM sqlite_temp_master
            WHERE name='index_reviews_on_user_id' AND type='index'
[0m
  [1m[35m (0.2ms)[0m  [1m[34m            SELECT sql
            FROM sqlite_master
            WHERE name='index_reviews_on_hotel_id' AND type='index'
            UNION ALL
            SELECT sql
            FROM sqlite_temp_master
            WHERE name='index_reviews_on_hotel_id' AND type='index'
[0m
  [1m[35m (0.1ms)[0m  [1m[34m            SELECT sql
            FROM sqlite_master
            WHERE name='index_roompictures_on_room_id' AND type='index'
            UNION ALL
            SELECT sql
            FROM sqlite_temp_master
            WHERE name='index_roompictures_on_room_id' AND type='index'
[0m
  [1m[35m (0.2ms)[0m  [1m[34m            SELECT sql
            FROM sqlite_master
            WHERE name='index_users_on_reset_password_token' AND type='index'
            UNION ALL
            SELECT sql
            FROM sqlite_temp_master
            WHERE name='index_users_on_reset_password_token' AND type='index'
[0m
  [1m[35m (0.1ms)[0m  [1m[34m            SELECT sql
            FROM sqlite_master
            WHERE name='index_users_on_email' AND type='index'
            UNION ALL
            SELECT sql
            FROM sqlite_temp_master
            WHERE name='index_users_on_email' AND type='index'
[0m
  [1m[35m (0.2ms)[0m  [1m[34mSELECT "schema_migrations"."version" FROM "schema_migrations" ORDER BY "schema_migrations"."version" ASC[0m
  [1m[35m (0.1ms)[0m  [1m[36mbegin transaction[0m
  [1m[35mSQL (0.6ms)[0m  [1m[32mINSERT INTO "hotels" ("name", "description", "address", "created_at", "updated_at") VALUES (?, ?, ?, ?, ?)[0m  [["name", "RiverLine Hotel"], ["description", "Best place for best people"], ["address", "k-block,averton,Lahore"], ["created_at", "2018-04-29 08:55:35.820454"], ["updated_at", "2018-04-29 08:55:35.820454"]]
  [1m[35m (4.2ms)[0m  [1m[36mcommit transaction[0m
Started GET "/users/sign_up" for 127.0.0.1 at 2018-04-29 01:56:04 -0700
  [1m[35m (0.4ms)[0m  [1m[34mSELECT "schema_migrations"."version" FROM "schema_migrations" ORDER BY "schema_migrations"."version" ASC[0m
Processing by Devise::RegistrationsController#new as HTML
  [1m[36mUser Load (3.0ms)[0m  [1m[34mSELECT  "users".* FROM "users" WHERE "users"."id" = ? ORDER BY "users"."id" ASC LIMIT ?[0m  [["id", 1], ["LIMIT", 1]]
  Rendering devise/registrations/new.html.erb within layouts/application
  Rendered devise/shared/_links.html.erb (1.1ms)
  Rendered devise/registrations/new.html.erb within layouts/application (217.4ms)
  Rendered layouts/_nav.html.erb (5.9ms)
Completed 200 OK in 5595ms (Views: 5308.6ms | ActiveRecord: 15.7ms)


Started GET "/rooms" for 127.0.0.1 at 2018-04-29 01:56:20 -0700
Processing by RoomsController#index as HTML
  Rendering rooms/index.html.erb within layouts/application
  [1m[36mRoom Load (9.5ms)[0m  [1m[34mSELECT "rooms".* FROM "rooms"[0m
  Rendered rooms/index.html.erb within layouts/application (17.4ms)
  Rendered layouts/_nav.html.erb (1.4ms)
Completed 200 OK in 283ms (Views: 255.5ms | ActiveRecord: 13.1ms)


Started GET "/users/sign_in" for 127.0.0.1 at 2018-04-29 01:56:24 -0700
Processing by Devise::SessionsController#new as HTML
  Rendering devise/sessions/new.html.erb within layouts/application
  Rendered devise/shared/_links.html.erb (7.5ms)
  Rendered devise/sessions/new.html.erb within layouts/application (32.6ms)
  Rendered layouts/_nav.html.erb (1.2ms)
Completed 200 OK in 237ms (Views: 216.6ms | ActiveRecord: 0.0ms)


Started GET "/users/sign_up" for 127.0.0.1 at 2018-04-29 01:56:34 -0700
Processing by Devise::RegistrationsController#new as HTML
  Rendering devise/registrations/new.html.erb within layouts/application
  Rendered devise/shared/_links.html.erb (0.9ms)
  Rendered devise/registrations/new.html.erb within layouts/application (9.0ms)
  Rendered layouts/_nav.html.erb (5.3ms)
Completed 200 OK in 200ms (Views: 198.9ms | ActiveRecord: 0.0ms)


Started POST "/users" for 127.0.0.1 at 2018-04-29 01:56:41 -0700
Processing by Devise::RegistrationsController#create as HTML
  Parameters: {"utf8"=>"✓", "authenticity_token"=>"dkyPbvKBwIXQNkFFZ9SC4FzLJ3RhRkGKBNE3Wftnh+Xna2NyvFU3Y2D3yXJf7tigJrLZo2eonlx0yC+fKnzGQQ==", "user"=>{"email"=>"admin@gmail.com", "password"=>"[FILTERED]", "password_confirmation"=>"[FILTERED]"}, "commit"=>"Sign up"}
  [1m[35m (0.1ms)[0m  [1m[36mbegin transaction[0m
  [1m[36mUser Exists (0.2ms)[0m  [1m[34mSELECT  1 AS one FROM "users" WHERE "users"."email" = ? LIMIT ?[0m  [["email", "admin@gmail.com"], ["LIMIT", 1]]
  [1m[35m (0.1ms)[0m  [1m[31mrollback transaction[0m
  Rendering devise/registrations/new.html.erb within layouts/application
  Rendered devise/shared/_links.html.erb (1.2ms)
  Rendered devise/registrations/new.html.erb within layouts/application (11.1ms)
  Rendered layouts/_nav.html.erb (1.2ms)
Completed 200 OK in 587ms (Views: 164.9ms | ActiveRecord: 0.5ms)


Started POST "/users" for 127.0.0.1 at 2018-04-29 01:56:53 -0700
Processing by Devise::RegistrationsController#create as HTML
  Parameters: {"utf8"=>"✓", "authenticity_token"=>"ANtL+IwY924bh5Xqq3qzfkCAT8hPZ2dLcCGP0m/yKOqR/KfkwswAiKtGHd2TQOk+OvmxH0mJuJ0AOJcUvulpTg==", "user"=>{"email"=>"admin@gmail.com", "password"=>"[FILTERED]", "password_confirmation"=>"[FILTERED]"}, "commit"=>"Sign up"}
  [1m[35m (0.1ms)[0m  [1m[36mbegin transaction[0m
  [1m[36mUser Exists (0.2ms)[0m  [1m[34mSELECT  1 AS one FROM "users" WHERE "users"."email" = ? LIMIT ?[0m  [["email", "admin@gmail.com"], ["LIMIT", 1]]
  [1m[35mSQL (1.2ms)[0m  [1m[32mINSERT INTO "users" ("email", "encrypted_password", "created_at", "updated_at") VALUES (?, ?, ?, ?)[0m  [["email", "admin@gmail.com"], ["encrypted_password", "$2a$11$7cflij5TS6.NyHVHRt7MfuqJHhNGMvysYIwNRn4m9gFXuhbywxcUO"], ["created_at", "2018-04-29 08:56:53.320721"], ["updated_at", "2018-04-29 08:56:53.320721"]]
  [1m[35m (4.5ms)[0m  [1m[36mcommit transaction[0m
  [1m[35m (0.4ms)[0m  [1m[36mbegin transaction[0m
  [1m[35mSQL (0.6ms)[0m  [1m[33mUPDATE "users" SET "sign_in_count" = ?, "current_sign_in_at" = ?, "last_sign_in_at" = ?, "current_sign_in_ip" = ?, "last_sign_in_ip" = ?, "updated_at" = ? WHERE "users"."id" = ?[0m  [["sign_in_count", 1], ["current_sign_in_at", "2018-04-29 08:56:53.332375"], ["last_sign_in_at", "2018-04-29 08:56:53.332375"], ["current_sign_in_ip", "127.0.0.1"], ["last_sign_in_ip", "127.0.0.1"], ["updated_at", "2018-04-29 08:56:53.338112"], ["id", 1]]
  [1m[35m (11.0ms)[0m  [1m[36mcommit transaction[0m
Redirected to http://localhost:3000/
Completed 302 Found in 304ms (ActiveRecord: 18.1ms)


Started GET "/" for 127.0.0.1 at 2018-04-29 01:56:53 -0700
Processing by HotelsController#home as HTML
  [1m[36mHotel Load (0.3ms)[0m  [1m[34mSELECT  "hotels".* FROM "hotels" ORDER BY "hotels"."id" DESC LIMIT ?[0m  [["LIMIT", 1]]
  Rendering hotels/home.html.erb within layouts/application
  [1m[36mUser Load (0.5ms)[0m  [1m[34mSELECT  "users".* FROM "users" WHERE "users"."id" = ? ORDER BY "users"."id" ASC LIMIT ?[0m  [["id", 1], ["LIMIT", 1]]
  [1m[36mRatingCache Load (8.9ms)[0m  [1m[34mSELECT  "rating_caches".* FROM "rating_caches" WHERE "rating_caches"."cacheable_id" = ? AND "rating_caches"."cacheable_type" = ? AND "rating_caches"."dimension" = ? LIMIT ?[0m  [["cacheable_id", 1], ["cacheable_type", "Hotel"], ["dimension", "ratings"], ["LIMIT", 1]]
  [1m[35m (0.3ms)[0m  [1m[34mSELECT COUNT(*) FROM "rates" WHERE "rates"."rater_id" = ? AND "rates"."dimension" = ? AND "rates"."rateable_id" = ? AND "rates"."rateable_type" = ?[0m  [["rater_id", 1], ["dimension", "ratings"], ["rateable_id", 1], ["rateable_type", "Hotel"]]
  [1m[36mReview Load (0.2ms)[0m  [1m[34mSELECT "reviews".* FROM "reviews" WHERE "reviews"."hotel_id" = ?[0m  [["hotel_id", 1]]
  Rendered hotels/home.html.erb within layouts/application (115.2ms)
  [1m[36mProfile Load (0.2ms)[0m  [1m[34mSELECT  "profiles".* FROM "profiles" WHERE "profiles"."user_id" = ? LIMIT ?[0m  [["user_id", 1], ["LIMIT", 1]]
  Rendered layouts/_nav.html.erb (10.1ms)
Completed 200 OK in 369ms (Views: 257.7ms | ActiveRecord: 24.1ms)


  [1m[36mUser Load (0.3ms)[0m  [1m[34mSELECT  "users".* FROM "users" ORDER BY "users"."id" DESC LIMIT ?[0m  [["LIMIT", 1]]
  [1m[36mUser Load (0.1ms)[0m  [1m[34mSELECT  "users".* FROM "users" ORDER BY "users"."id" DESC LIMIT ?[0m  [["LIMIT", 1]]
  [1m[35m (0.1ms)[0m  [1m[36mbegin transaction[0m
  [1m[35m (0.1ms)[0m  [1m[36mcommit transaction[0m
  [1m[35m (0.1ms)[0m  [1m[36mbegin transaction[0m
  [1m[35mSQL (6.1ms)[0m  [1m[33mUPDATE "users" SET "updated_at" = ?, "is_admin" = ? WHERE "users"."id" = ?[0m  [["updated_at", "2018-04-29 08:57:58.876167"], ["is_admin", "t"], ["id", 1]]
  [1m[35m (3.2ms)[0m  [1m[36mcommit transaction[0m
Started GET "/" for 127.0.0.1 at 2018-04-29 01:58:38 -0700
  [1m[35m (0.9ms)[0m  [1m[34mSELECT "schema_migrations"."version" FROM "schema_migrations" ORDER BY "schema_migrations"."version" ASC[0m
Processing by HotelsController#home as HTML
  [1m[36mHotel Load (0.2ms)[0m  [1m[34mSELECT  "hotels".* FROM "hotels" ORDER BY "hotels"."id" DESC LIMIT ?[0m  [["LIMIT", 1]]
  Rendering hotels/home.html.erb within layouts/application
  [1m[36mUser Load (4.4ms)[0m  [1m[34mSELECT  "users".* FROM "users" WHERE "users"."id" = ? ORDER BY "users"."id" ASC LIMIT ?[0m  [["id", 1], ["LIMIT", 1]]
  [1m[36mRatingCache Load (0.2ms)[0m  [1m[34mSELECT  "rating_caches".* FROM "rating_caches" WHERE "rating_caches"."cacheable_id" = ? AND "rating_caches"."cacheable_type" = ? AND "rating_caches"."dimension" = ? LIMIT ?[0m  [["cacheable_id", 1], ["cacheable_type", "Hotel"], ["dimension", "ratings"], ["LIMIT", 1]]
  [1m[35m (0.2ms)[0m  [1m[34mSELECT COUNT(*) FROM "rates" WHERE "rates"."rater_id" = ? AND "rates"."dimension" = ? AND "rates"."rateable_id" = ? AND "rates"."rateable_type" = ?[0m  [["rater_id", 1], ["dimension", "ratings"], ["rateable_id", 1], ["rateable_type", "Hotel"]]
  [1m[36mReview Load (0.3ms)[0m  [1m[34mSELECT "reviews".* FROM "reviews" WHERE "reviews"."hotel_id" = ?[0m  [["hotel_id", 1]]
  Rendered hotels/home.html.erb within layouts/application (182.8ms)
  [1m[36mProfile Load (0.9ms)[0m  [1m[34mSELECT  "profiles".* FROM "profiles" WHERE "profiles"."user_id" = ? LIMIT ?[0m  [["user_id", 1], ["LIMIT", 1]]
  Rendered layouts/_nav.html.erb (52.1ms)
Completed 200 OK in 2742ms (Views: 2564.3ms | ActiveRecord: 41.0ms)


Started GET "/hotels/home" for 127.0.0.1 at 2018-04-29 01:58:55 -0700
Processing by HotelsController#home as HTML
  [1m[36mHotel Load (5.7ms)[0m  [1m[34mSELECT  "hotels".* FROM "hotels" ORDER BY "hotels"."id" DESC LIMIT ?[0m  [["LIMIT", 1]]
  Rendering hotels/home.html.erb within layouts/application
  [1m[36mUser Load (0.3ms)[0m  [1m[34mSELECT  "users".* FROM "users" WHERE "users"."id" = ? ORDER BY "users"."id" ASC LIMIT ?[0m  [["id", 1], ["LIMIT", 1]]
  [1m[36mRatingCache Load (2.7ms)[0m  [1m[34mSELECT  "rating_caches".* FROM "rating_caches" WHERE "rating_caches"."cacheable_id" = ? AND "rating_caches"."cacheable_type" = ? AND "rating_caches"."dimension" = ? LIMIT ?[0m  [["cacheable_id", 1], ["cacheable_type", "Hotel"], ["dimension", "ratings"], ["LIMIT", 1]]
  [1m[35m (0.3ms)[0m  [1m[34mSELECT COUNT(*) FROM "rates" WHERE "rates"."rater_id" = ? AND "rates"."dimension" = ? AND "rates"."rateable_id" = ? AND "rates"."rateable_type" = ?[0m  [["rater_id", 1], ["dimension", "ratings"], ["rateable_id", 1], ["rateable_type", "Hotel"]]
  [1m[36mReview Load (0.6ms)[0m  [1m[34mSELECT "reviews".* FROM "reviews" WHERE "reviews"."hotel_id" = ?[0m  [["hotel_id", 1]]
  Rendered hotels/home.html.erb within layouts/application (44.1ms)
  [1m[36mProfile Load (0.2ms)[0m  [1m[34mSELECT  "profiles".* FROM "profiles" WHERE "profiles"."user_id" = ? LIMIT ?[0m  [["user_id", 1], ["LIMIT", 1]]
  Rendered layouts/_nav.html.erb (2.5ms)
Completed 200 OK in 292ms (Views: 277.7ms | ActiveRecord: 9.7ms)


Started GET "/profiles/new" for 127.0.0.1 at 2018-04-29 01:59:02 -0700
Processing by ProfilesController#new as HTML
  [1m[36mUser Load (4.4ms)[0m  [1m[34mSELECT  "users".* FROM "users" WHERE "users"."id" = ? ORDER BY "users"."id" ASC LIMIT ?[0m  [["id", 1], ["LIMIT", 1]]
  [1m[36mProfile Load (0.2ms)[0m  [1m[34mSELECT "profiles".* FROM "profiles" WHERE "profiles"."user_id" = ?[0m  [["user_id", 1]]
  Rendering profiles/new.html.erb within layouts/application
  Rendered profiles/_form.html.erb (664.9ms)
  Rendered profiles/new.html.erb within layouts/application (667.6ms)
  [1m[36mProfile Load (0.1ms)[0m  [1m[34mSELECT  "profiles".* FROM "profiles" WHERE "profiles"."user_id" = ? LIMIT ?[0m  [["user_id", 1], ["LIMIT", 1]]
  Rendered layouts/_nav.html.erb (7.9ms)
Completed 200 OK in 917ms (Views: 868.4ms | ActiveRecord: 5.1ms)


Started POST "/profiles" for 127.0.0.1 at 2018-04-29 02:00:24 -0700
Processing by ProfilesController#create as HTML
  Parameters: {"utf8"=>"✓", "authenticity_token"=>"/FlnjFoD3Nu9A4xFaDJpZjjLjkmNyiaafnpv8l5bF4chO3+NMsDkbwYlHy5f3ZsWvimPccqGjCk15HVSkUVweA==", "profile"=>{"bio"=>"Is a good boy", "username"=>"Falah"}, "file"=>"", "commit"=>"Create Profile", "image_id"=>"image/upload/v1524992417/wuivrerwdhedb8ozxkeg.png#b49f3136e86b6323090961a0e7d57ce155745fae"}
  [1m[36mUser Load (0.3ms)[0m  [1m[34mSELECT  "users".* FROM "users" WHERE "users"."id" = ? ORDER BY "users"."id" ASC LIMIT ?[0m  [["id", 1], ["LIMIT", 1]]
  [1m[35m (0.2ms)[0m  [1m[36mbegin transaction[0m
  [1m[36mUser Load (0.7ms)[0m  [1m[34mSELECT  "users".* FROM "users" WHERE "users"."id" = ? LIMIT ?[0m  [["id", 1], ["LIMIT", 1]]
  [1m[35mSQL (5.9ms)[0m  [1m[32mINSERT INTO "profiles" ("user_id", "bio", "username", "created_at", "updated_at", "image_id") VALUES (?, ?, ?, ?, ?, ?)[0m  [["user_id", 1], ["bio", "Is a good boy"], ["username", "Falah"], ["created_at", "2018-04-29 09:00:24.487058"], ["updated_at", "2018-04-29 09:00:24.487058"], ["image_id", "v1524992417/wuivrerwdhedb8ozxkeg.png"]]
  [1m[35m (20.3ms)[0m  [1m[36mcommit transaction[0m
Redirected to http://localhost:3000/profiles/1
Completed 302 Found in 211ms (ActiveRecord: 27.3ms)


Started GET "/profiles/1" for 127.0.0.1 at 2018-04-29 02:00:24 -0700
Processing by ProfilesController#show as HTML
  Parameters: {"id"=>"1"}
  [1m[36mUser Load (0.4ms)[0m  [1m[34mSELECT  "users".* FROM "users" WHERE "users"."id" = ? ORDER BY "users"."id" ASC LIMIT ?[0m  [["id", 1], ["LIMIT", 1]]
  [1m[36mProfile Load (0.3ms)[0m  [1m[34mSELECT  "profiles".* FROM "profiles" WHERE "profiles"."user_id" = ? ORDER BY "profiles"."id" ASC LIMIT ?[0m  [["user_id", 1], ["LIMIT", 1]]
  Rendering profiles/show.html.erb within layouts/application
  Rendered profiles/show.html.erb within layouts/application (4.0ms)
  [1m[36mProfile Load (0.2ms)[0m  [1m[34mSELECT  "profiles".* FROM "profiles" WHERE "profiles"."user_id" = ? LIMIT ?[0m  [["user_id", 1], ["LIMIT", 1]]
  Rendered layouts/_nav.html.erb (2.8ms)
Completed 200 OK in 226ms (Views: 208.1ms | ActiveRecord: 0.9ms)


Started GET "/profiles/1/edit" for 127.0.0.1 at 2018-04-29 02:00:31 -0700
Processing by ProfilesController#edit as HTML
  Parameters: {"id"=>"1"}
  [1m[36mUser Load (0.3ms)[0m  [1m[34mSELECT  "users".* FROM "users" WHERE "users"."id" = ? ORDER BY "users"."id" ASC LIMIT ?[0m  [["id", 1], ["LIMIT", 1]]
  [1m[36mProfile Load (0.2ms)[0m  [1m[34mSELECT  "profiles".* FROM "profiles" WHERE "profiles"."user_id" = ? ORDER BY "profiles"."id" ASC LIMIT ?[0m  [["user_id", 1], ["LIMIT", 1]]
  Rendering profiles/edit.html.erb within layouts/application
  Rendered profiles/_form.html.erb (3.8ms)
  Rendered profiles/edit.html.erb within layouts/application (33.6ms)
  [1m[36mProfile Load (0.6ms)[0m  [1m[34mSELECT  "profiles".* FROM "profiles" WHERE "profiles"."user_id" = ? LIMIT ?[0m  [["user_id", 1], ["LIMIT", 1]]
  Rendered layouts/_nav.html.erb (7.7ms)
Completed 200 OK in 350ms (Views: 341.8ms | ActiveRecord: 1.1ms)


Started PATCH "/profiles/1" for 127.0.0.1 at 2018-04-29 02:00:40 -0700
Processing by ProfilesController#update as HTML
  Parameters: {"utf8"=>"✓", "authenticity_token"=>"u3vNMpDIR454T0u2Mahf5E/h6kNgN61YSBGZDvah9lB8tIEOuBi+2xmbi3QVj2iK89TaWLW0eH4XNJZEBuT5NA==", "profile"=>{"bio"=>"Is no a good boy", "username"=>"Falah"}, "file"=>"", "commit"=>"Update Profile", "id"=>"1"}
  [1m[36mUser Load (0.3ms)[0m  [1m[34mSELECT  "users".* FROM "users" WHERE "users"."id" = ? ORDER BY "users"."id" ASC LIMIT ?[0m  [["id", 1], ["LIMIT", 1]]
  [1m[36mProfile Load (0.2ms)[0m  [1m[34mSELECT  "profiles".* FROM "profiles" WHERE "profiles"."user_id" = ? ORDER BY "profiles"."id" ASC LIMIT ?[0m  [["user_id", 1], ["LIMIT", 1]]
  [1m[35m (0.1ms)[0m  [1m[36mbegin transaction[0m
  [1m[36mUser Load (0.1ms)[0m  [1m[34mSELECT  "users".* FROM "users" WHERE "users"."id" = ? LIMIT ?[0m  [["id", 1], ["LIMIT", 1]]
  [1m[35mSQL (2.1ms)[0m  [1m[33mUPDATE "profiles" SET "bio" = ?, "updated_at" = ? WHERE "profiles"."id" = ?[0m  [["bio", "Is no a good boy"], ["updated_at", "2018-04-29 09:00:40.627060"], ["id", 1]]
  [1m[35m (11.4ms)[0m  [1m[36mcommit transaction[0m
Redirected to http://localhost:3000/profiles/1
Completed 302 Found in 34ms (ActiveRecord: 14.2ms)


Started GET "/profiles/1" for 127.0.0.1 at 2018-04-29 02:00:40 -0700
Processing by ProfilesController#show as HTML
  Parameters: {"id"=>"1"}
  [1m[36mUser Load (0.3ms)[0m  [1m[34mSELECT  "users".* FROM "users" WHERE "users"."id" = ? ORDER BY "users"."id" ASC LIMIT ?[0m  [["id", 1], ["LIMIT", 1]]
  [1m[36mProfile Load (0.3ms)[0m  [1m[34mSELECT  "profiles".* FROM "profiles" WHERE "profiles"."user_id" = ? ORDER BY "profiles"."id" ASC LIMIT ?[0m  [["user_id", 1], ["LIMIT", 1]]
  Rendering profiles/show.html.erb within layouts/application
  Rendered profiles/show.html.erb within layouts/application (1.2ms)
  [1m[36mProfile Load (0.2ms)[0m  [1m[34mSELECT  "profiles".* FROM "profiles" WHERE "profiles"."user_id" = ? LIMIT ?[0m  [["user_id", 1], ["LIMIT", 1]]
  Rendered layouts/_nav.html.erb (2.8ms)
Completed 200 OK in 220ms (Views: 211.9ms | ActiveRecord: 0.8ms)


